0 info it worked if it ends with ok
1 verbose cli [ 'node', '/usr/local/bin/npm', 'publish' ]
2 info using npm@1.2.18
3 info using node@v0.10.5
4 verbose publish [ '.' ]
5 verbose read json /Users/Amos/Dropbox/Workspaces/Home/Projects/Web/Linnovate/mean-modules/mean-logger/package.json
6 verbose cache add [ '.', null ]
7 verbose cache add name=undefined spec="." args=[".",null]
8 verbose parsed url { protocol: null,
8 verbose parsed url   slashes: null,
8 verbose parsed url   auth: null,
8 verbose parsed url   host: null,
8 verbose parsed url   port: null,
8 verbose parsed url   hostname: null,
8 verbose parsed url   hash: null,
8 verbose parsed url   search: null,
8 verbose parsed url   query: null,
8 verbose parsed url   pathname: '.',
8 verbose parsed url   path: '.',
8 verbose parsed url   href: '.' }
9 silly lockFile 3a52ce78- .
10 verbose lock . /Users/Amos/.npm/3a52ce78-.lock
11 verbose read json package.json
12 verbose tar pack [ '/var/folders/4f/6gl7p2d15m9dknnmz7pfk_vw0000gn/T/npm-8163/1371996337951-0.2274273440707475/tmp.tgz',
12 verbose tar pack   '.' ]
13 verbose tarball /var/folders/4f/6gl7p2d15m9dknnmz7pfk_vw0000gn/T/npm-8163/1371996337951-0.2274273440707475/tmp.tgz
14 verbose folder .
15 info prepublish mean-logger@0.0.0
16 silly lockFile 3a52ce78- .
17 verbose lock . /Users/Amos/.npm/3a52ce78-.lock
18 silly lockFile 148e12ff-37951-0-2274273440707475-tmp-tgz /var/folders/4f/6gl7p2d15m9dknnmz7pfk_vw0000gn/T/npm-8163/1371996337951-0.2274273440707475/tmp.tgz
19 verbose lock /var/folders/4f/6gl7p2d15m9dknnmz7pfk_vw0000gn/T/npm-8163/1371996337951-0.2274273440707475/tmp.tgz /Users/Amos/.npm/148e12ff-37951-0-2274273440707475-tmp-tgz.lock
20 silly lockFile 3a52ce78- .
21 silly lockFile 3a52ce78- .
22 silly lockFile 148e12ff-37951-0-2274273440707475-tmp-tgz /var/folders/4f/6gl7p2d15m9dknnmz7pfk_vw0000gn/T/npm-8163/1371996337951-0.2274273440707475/tmp.tgz
23 silly lockFile 148e12ff-37951-0-2274273440707475-tmp-tgz /var/folders/4f/6gl7p2d15m9dknnmz7pfk_vw0000gn/T/npm-8163/1371996337951-0.2274273440707475/tmp.tgz
24 verbose tar unpack /var/folders/4f/6gl7p2d15m9dknnmz7pfk_vw0000gn/T/npm-8163/1371996337951-0.2274273440707475/tmp.tgz
25 silly lockFile 16c90989-37951-0-2274273440707475-package /var/folders/4f/6gl7p2d15m9dknnmz7pfk_vw0000gn/T/npm-8163/1371996337951-0.2274273440707475/package
26 verbose lock /var/folders/4f/6gl7p2d15m9dknnmz7pfk_vw0000gn/T/npm-8163/1371996337951-0.2274273440707475/package /Users/Amos/.npm/16c90989-37951-0-2274273440707475-package.lock
27 silly lockFile 148e12ff-37951-0-2274273440707475-tmp-tgz /var/folders/4f/6gl7p2d15m9dknnmz7pfk_vw0000gn/T/npm-8163/1371996337951-0.2274273440707475/tmp.tgz
28 verbose lock /var/folders/4f/6gl7p2d15m9dknnmz7pfk_vw0000gn/T/npm-8163/1371996337951-0.2274273440707475/tmp.tgz /Users/Amos/.npm/148e12ff-37951-0-2274273440707475-tmp-tgz.lock
29 silly gunzTarPerm modes [ '755', '644' ]
30 silly gunzTarPerm extractEntry package.json
31 silly gunzTarPerm extractEntry .npmignore
32 silly gunzTarPerm extractEntry README.md
33 silly gunzTarPerm extractEntry index.js
34 silly gunzTarPerm extractEntry lib/mean-logger.js
35 verbose read json /var/folders/4f/6gl7p2d15m9dknnmz7pfk_vw0000gn/T/npm-8163/1371996337951-0.2274273440707475/package/package.json
36 silly lockFile 16c90989-37951-0-2274273440707475-package /var/folders/4f/6gl7p2d15m9dknnmz7pfk_vw0000gn/T/npm-8163/1371996337951-0.2274273440707475/package
37 silly lockFile 16c90989-37951-0-2274273440707475-package /var/folders/4f/6gl7p2d15m9dknnmz7pfk_vw0000gn/T/npm-8163/1371996337951-0.2274273440707475/package
38 silly lockFile 148e12ff-37951-0-2274273440707475-tmp-tgz /var/folders/4f/6gl7p2d15m9dknnmz7pfk_vw0000gn/T/npm-8163/1371996337951-0.2274273440707475/tmp.tgz
39 silly lockFile 148e12ff-37951-0-2274273440707475-tmp-tgz /var/folders/4f/6gl7p2d15m9dknnmz7pfk_vw0000gn/T/npm-8163/1371996337951-0.2274273440707475/tmp.tgz
40 verbose from cache /var/folders/4f/6gl7p2d15m9dknnmz7pfk_vw0000gn/T/npm-8163/1371996337951-0.2274273440707475/package/package.json
41 verbose tar pack [ '/Users/Amos/.npm/mean-logger/0.0.0/package.tgz',
41 verbose tar pack   '/var/folders/4f/6gl7p2d15m9dknnmz7pfk_vw0000gn/T/npm-8163/1371996337951-0.2274273440707475/package' ]
42 verbose tarball /Users/Amos/.npm/mean-logger/0.0.0/package.tgz
43 verbose folder /var/folders/4f/6gl7p2d15m9dknnmz7pfk_vw0000gn/T/npm-8163/1371996337951-0.2274273440707475/package
44 silly lockFile 16c90989-37951-0-2274273440707475-package /var/folders/4f/6gl7p2d15m9dknnmz7pfk_vw0000gn/T/npm-8163/1371996337951-0.2274273440707475/package
45 verbose lock /var/folders/4f/6gl7p2d15m9dknnmz7pfk_vw0000gn/T/npm-8163/1371996337951-0.2274273440707475/package /Users/Amos/.npm/16c90989-37951-0-2274273440707475-package.lock
46 silly lockFile f95acc9a-pm-mean-logger-0-0-0-package-tgz /Users/Amos/.npm/mean-logger/0.0.0/package.tgz
47 verbose lock /Users/Amos/.npm/mean-logger/0.0.0/package.tgz /Users/Amos/.npm/f95acc9a-pm-mean-logger-0-0-0-package-tgz.lock
48 silly lockFile 16c90989-37951-0-2274273440707475-package /var/folders/4f/6gl7p2d15m9dknnmz7pfk_vw0000gn/T/npm-8163/1371996337951-0.2274273440707475/package
49 silly lockFile 16c90989-37951-0-2274273440707475-package /var/folders/4f/6gl7p2d15m9dknnmz7pfk_vw0000gn/T/npm-8163/1371996337951-0.2274273440707475/package
50 silly lockFile f95acc9a-pm-mean-logger-0-0-0-package-tgz /Users/Amos/.npm/mean-logger/0.0.0/package.tgz
51 silly lockFile f95acc9a-pm-mean-logger-0-0-0-package-tgz /Users/Amos/.npm/mean-logger/0.0.0/package.tgz
52 silly lockFile de0cdd5a-os-npm-mean-logger-0-0-0-package /Users/Amos/.npm/mean-logger/0.0.0/package
53 verbose lock /Users/Amos/.npm/mean-logger/0.0.0/package /Users/Amos/.npm/de0cdd5a-os-npm-mean-logger-0-0-0-package.lock
54 silly lockFile de0cdd5a-os-npm-mean-logger-0-0-0-package /Users/Amos/.npm/mean-logger/0.0.0/package
55 silly lockFile de0cdd5a-os-npm-mean-logger-0-0-0-package /Users/Amos/.npm/mean-logger/0.0.0/package
56 verbose tar unpack /Users/Amos/.npm/mean-logger/0.0.0/package.tgz
57 silly lockFile de0cdd5a-os-npm-mean-logger-0-0-0-package /Users/Amos/.npm/mean-logger/0.0.0/package
58 verbose lock /Users/Amos/.npm/mean-logger/0.0.0/package /Users/Amos/.npm/de0cdd5a-os-npm-mean-logger-0-0-0-package.lock
59 silly lockFile f95acc9a-pm-mean-logger-0-0-0-package-tgz /Users/Amos/.npm/mean-logger/0.0.0/package.tgz
60 verbose lock /Users/Amos/.npm/mean-logger/0.0.0/package.tgz /Users/Amos/.npm/f95acc9a-pm-mean-logger-0-0-0-package-tgz.lock
61 silly gunzTarPerm modes [ '755', '644' ]
62 silly gunzTarPerm extractEntry package.json
63 silly gunzTarPerm extractEntry .npmignore
64 silly gunzTarPerm extractEntry README.md
65 silly gunzTarPerm extractEntry index.js
66 silly gunzTarPerm extractEntry lib/mean-logger.js
67 verbose read json /Users/Amos/.npm/mean-logger/0.0.0/package/package.json
68 silly lockFile de0cdd5a-os-npm-mean-logger-0-0-0-package /Users/Amos/.npm/mean-logger/0.0.0/package
69 silly lockFile de0cdd5a-os-npm-mean-logger-0-0-0-package /Users/Amos/.npm/mean-logger/0.0.0/package
70 silly lockFile f95acc9a-pm-mean-logger-0-0-0-package-tgz /Users/Amos/.npm/mean-logger/0.0.0/package.tgz
71 silly lockFile f95acc9a-pm-mean-logger-0-0-0-package-tgz /Users/Amos/.npm/mean-logger/0.0.0/package.tgz
72 silly shasum updated bytes 998
73 info shasum 38451250719e385fdb625b32ca9b315b87228eca
73 info shasum /Users/Amos/.npm/mean-logger/0.0.0/package.tgz
74 verbose from cache /Users/Amos/.npm/mean-logger/0.0.0/package/package.json
75 verbose chmod /Users/Amos/.npm/mean-logger/0.0.0/package.tgz 644
76 verbose chown /Users/Amos/.npm/mean-logger/0.0.0/package.tgz [ 501, 20 ]
77 silly lockFile 3a52ce78- .
78 silly publish { name: 'mean-logger',
78 silly publish   version: '0.0.0',
78 silly publish   description: 'A Logging Module for MEAN Apps.',
78 silly publish   main: 'index.js',
78 silly publish   scripts: { test: 'mocha -R landing lib/mean-logger.js' },
78 silly publish   repository: { type: 'git', url: 'mean-logger' },
78 silly publish   keywords: [ 'logger', 'mean', 'log' ],
78 silly publish   author: { name: 'Amos Haviv', url: 'Linnovate LTD.' },
78 silly publish   license: 'MIT',
78 silly publish   readme: '# MEAN Logger\nA Logging Module for MEAN Apps.',
78 silly publish   readmeFilename: 'README.md',
78 silly publish   _id: 'mean-logger@0.0.0',
78 silly publish   dist: { shasum: '38451250719e385fdb625b32ca9b315b87228eca' },
78 silly publish   _from: '.' }
79 verbose url raw mean-logger
80 verbose url resolving [ 'https://registry.npmjs.org/', './mean-logger' ]
81 verbose url resolved https://registry.npmjs.org/mean-logger
82 info trying registry request attempt 1 at 17:05:51
83 http PUT https://registry.npmjs.org/mean-logger
84 http 409 https://registry.npmjs.org/mean-logger
85 verbose url raw mean-logger
86 verbose url resolving [ 'https://registry.npmjs.org/', './mean-logger' ]
87 verbose url resolved https://registry.npmjs.org/mean-logger
88 info trying registry request attempt 1 at 17:05:52
89 http GET https://registry.npmjs.org/mean-logger
90 http 200 https://registry.npmjs.org/mean-logger
91 verbose uploading [ 'mean-logger/-/mean-logger-0.0.0.tgz/-rev/3-9142736cb1968954feb323341fd6f4ea',
91 verbose uploading   '/Users/Amos/.npm/mean-logger/0.0.0/package.tgz' ]
92 verbose url raw mean-logger/-/mean-logger-0.0.0.tgz/-rev/3-9142736cb1968954feb323341fd6f4ea
93 verbose url resolving [ 'https://registry.npmjs.org/',
93 verbose url resolving   './mean-logger/-/mean-logger-0.0.0.tgz/-rev/3-9142736cb1968954feb323341fd6f4ea' ]
94 verbose url resolved https://registry.npmjs.org/mean-logger/-/mean-logger-0.0.0.tgz/-rev/3-9142736cb1968954feb323341fd6f4ea
95 info trying registry request attempt 1 at 17:05:54
96 http PUT https://registry.npmjs.org/mean-logger/-/mean-logger-0.0.0.tgz/-rev/3-9142736cb1968954feb323341fd6f4ea
97 http 403 https://registry.npmjs.org/mean-logger/-/mean-logger-0.0.0.tgz/-rev/3-9142736cb1968954feb323341fd6f4ea
98 info trying registry request attempt 1 at 17:05:58
99 http PUT https://registry.npmjs.org/mean-logger/-/mean-logger-0.0.0.tgz/-rev/3-9142736cb1968954feb323341fd6f4ea
100 http 403 https://registry.npmjs.org/mean-logger/-/mean-logger-0.0.0.tgz/-rev/3-9142736cb1968954feb323341fd6f4ea
101 error publish Error uploading package
102 error Error: forbidden user: amoshaviv not authorized to modify mean-logger
102 error Added: _attachments.mean-logger-0.0.0.tgz: mean-logger/-/mean-logger-0.0.0.tgz/-rev/3-9142736cb1968954feb323341fd6f4ea
102 error     at RegClient.<anonymous> (/usr/local/lib/node_modules/npm/node_modules/npm-registry-client/lib/request.js:269:14)
102 error     at Request.self.callback (/usr/local/lib/node_modules/npm/node_modules/request/index.js:142:22)
102 error     at Request.EventEmitter.emit (events.js:98:17)
102 error     at Request.<anonymous> (/usr/local/lib/node_modules/npm/node_modules/request/index.js:856:14)
102 error     at Request.EventEmitter.emit (events.js:117:20)
102 error     at IncomingMessage.<anonymous> (/usr/local/lib/node_modules/npm/node_modules/request/index.js:808:12)
102 error     at IncomingMessage.EventEmitter.emit (events.js:117:20)
102 error     at _stream_readable.js:895:16
102 error     at process._tickCallback (node.js:415:13)
103 error If you need help, you may report this log at:
103 error     <http://github.com/isaacs/npm/issues>
103 error or email it to:
103 error     <npm-@googlegroups.com>
104 error System Darwin 11.4.2
105 error command "node" "/usr/local/bin/npm" "publish"
106 error cwd /Users/Amos/Dropbox/Workspaces/Home/Projects/Web/Linnovate/mean-modules/mean-logger
107 error node -v v0.10.5
108 error npm -v 1.2.18
109 verbose exit [ 1, true ]
